<?xml version="1.0" encoding="UTF-8"?>
<!-- Generated by org.testng.reporters.JUnitReportReporter -->
<testsuite hostname="DESKTOP-AT94HTB" failures="0" tests="1" name="tests.SearchProductUsingAutoSuggestTest" time="4.717" errors="0" timestamp="2022-07-11T11:11:27 EET" skipped="0">
  <testcase classname="tests.SearchProductUsingAutoSuggestTest" name="UserCanSearchWithAutoSuggest" time="4.717"/>
  <system-out/>
</testsuite> <!-- tests.SearchProductUsingAutoSuggestTest -->
