<?xml version="1.0" encoding="UTF-8"?>
<!-- Generated by org.testng.reporters.JUnitReportReporter -->
<testsuite hostname="DESKTOP-AT94HTB" failures="0" tests="2" name="tests.UserRegisterationWithDDTAndDataProvider" time="7.965" errors="0" timestamp="2022-07-12T12:13:40 EET" skipped="0">
  <testcase classname="tests.UserRegisterationWithDDTAndDataProvider" name="UserCanRegisterSuccessfully" time="3.938"/>
  <system-out/>
  <testcase classname="tests.UserRegisterationWithDDTAndDataProvider" name="UserCanRegisterSuccessfully" time="4.027"/>
  <system-out/>
</testsuite> <!-- tests.UserRegisterationWithDDTAndDataProvider -->
