<?xml version="1.0" encoding="UTF-8"?>
<!-- Generated by org.testng.reporters.JUnitReportReporter -->
<testsuite hostname="DESKTOP-AT94HTB" failures="0" tests="1" name="tests.SearchProductTest" time="2.874" errors="0" timestamp="2022-07-11T10:55:23 EET" skipped="0">
  <testcase classname="tests.SearchProductTest" name="UserCanSearchForProducts" time="2.874"/>
  <system-out/>
</testsuite> <!-- tests.SearchProductTest -->
