<?xml version="1.0" encoding="UTF-8"?>
<!-- Generated by org.testng.reporters.JUnitReportReporter -->
<testsuite hostname="DESKTOP-AT94HTB" failures="0" tests="3" name="tests.UserRegisterationTest" time="4.798" errors="0" timestamp="2022-07-10T10:08:58 EET" skipped="0">
  <testcase classname="tests.UserRegisterationTest" name="UserCanRegisterSuccessfully" time="2.133"/>
  <system-out/>
  <testcase classname="tests.UserRegisterationTest" name="RegisteredUserCanLogOut" time="0.931"/>
  <system-out/>
  <testcase classname="tests.UserRegisterationTest" name="RegisteredUserCanLogIn" time="1.734"/>
  <system-out/>
</testsuite> <!-- tests.UserRegisterationTest -->
