<?xml version="1.0" encoding="UTF-8"?>
<!-- Generated by org.testng.reporters.JUnitReportReporter -->
<testsuite hostname="DESKTOP-AT94HTB" failures="0" tests="1" name="tests.ContactUsTest" time="1.514" errors="0" timestamp="2022-07-11T11:56:07 EET" skipped="0">
  <testcase classname="tests.ContactUsTest" name="UserCanContactUs" time="1.514"/>
  <system-out/>
</testsuite> <!-- tests.ContactUsTest -->
